
Showing logs for build [32mcb-kubecd-environment-pr-102-74-8mjm6-1[0m stage [32mfrom-build-pack[0m and container [32mstep-credential-initializer-77f7c[0m
{"level":"warn","ts":1576594485.0706444,"logger":"fallback-logger","caller":"logging/config.go:69","msg":"Fetch GitHub commit ID from kodata failed: \"ref: refs/heads/master\" is not a valid GitHub commit ID"}
{"level":"info","ts":1576594485.071178,"logger":"fallback-logger","caller":"creds-init/main.go:40","msg":"Credentials initialized."}

Showing logs for build [32mcb-kubecd-environment-pr-102-74-8mjm6-1[0m stage [32mfrom-build-pack[0m and container [32mstep-working-dir-initializer-wtzhh[0m
{"level":"warn","ts":1576594486.0336003,"logger":"fallback-logger","caller":"logging/config.go:69","msg":"Fetch GitHub commit ID from kodata failed: open /var/run/ko/HEAD: no such file or directory"}
{"level":"info","ts":1576594486.0360677,"logger":"fallback-logger","caller":"bash/main.go:65","msg":"Successfully executed command \"mkdir -p /workspace/source\""}

Showing logs for build [32mcb-kubecd-environment-pr-102-74-8mjm6-1[0m stage [32mfrom-build-pack[0m and container [32mstep-place-tools[0m

Showing logs for build [32mcb-kubecd-environment-pr-102-74-8mjm6-1[0m stage [32mfrom-build-pack[0m and container [32mstep-git-source-cb-kubecd-environment-pr-102-74-vww4k[0m
{"level":"warn","ts":1576594512.0845456,"logger":"fallback-logger","caller":"logging/config.go:69","msg":"Fetch GitHub commit ID from kodata failed: \"ref: refs/heads/master\" is not a valid GitHub commit ID"}
{"level":"info","ts":1576594513.1809824,"logger":"fallback-logger","caller":"git/git.go:102","msg":"Successfully cloned https://github.com/cb-kubecd/environment-pr-102-74-boot-gke-staging.git @ master in path /workspace/source"}

Showing logs for build [32mcb-kubecd-environment-pr-102-74-8mjm6-1[0m stage [32mfrom-build-pack[0m and container [32mstep-git-merge[0m
Using SHAs from PULL_REFS=master:ed6c9a3ec814ae7fbf82e0552d7fa126760951d7,1:e0706f2ef42846e1ab823b847ad5b47aaf832d2e
DEBUG: ran git fetch --unshallow origin e0706f2ef42846e1ab823b847ad5b47aaf832d2e: ed6c9a3ec814ae7fbf82e0552d7fa126760951d7: in 
DEBUG: ran git checkout master in 
DEBUG: ran git reset --hard ed6c9a3ec814ae7fbf82e0552d7fa126760951d7 in 
DEBUG: ran clean --force -d . in 
DEBUG: ran git merge e0706f2ef42846e1ab823b847ad5b47aaf832d2e in 
Merged SHA e0706f2ef42846e1ab823b847ad5b47aaf832d2e with commit message 'chore: Promote bdd-spring-1576594094 to version 0.0.1' into base branch master

Showing logs for build [32mcb-kubecd-environment-pr-102-74-8mjm6-1[0m stage [32mfrom-build-pack[0m and container [32mstep-build-helm-build[0m
WARNING: No $CHART_REPOSITORY defined so using the default value of: http://jenkins-x-chartmuseum:8080
Adding missing Helm repo: storage.googleapis.com https://storage.googleapis.com/chartmuseum.jenkins-x.io
Read credentials for https://storage.googleapis.com/chartmuseum.jenkins-x.io from vault helm/repos
Successfully added Helm repository storage.googleapis.com.
Adding missing Helm repo: jenkins-x-chartmuseum http://jenkins-x-chartmuseum:8080
Read credentials for http://jenkins-x-chartmuseum:8080 from vault helm/repos
Successfully added Helm repository jenkins-x-chartmuseum.
WARNING: No $CHART_REPOSITORY defined so using the default value of: http://jenkins-x-chartmuseum:8080
Adding missing Helm repo: chartmuseum.jenkins-x.io http://chartmuseum.jenkins-x.io
Read credentials for http://chartmuseum.jenkins-x.io from vault helm/repos
Successfully added Helm repository chartmuseum.jenkins-x.io.
